Построение начато 06.04.2016 10:55:31.
     1>Проект "D:\4курс2\ЗИ\Telepathy\TelepathyGameClient\TelepathyGameClient\TelepathyGameClient.vcxproj" в узле 2 (целевые объекты Build).
       Файл проекта содержит ToolsVersion="14.0". Возможно, этот набор инструментов неизвестен или отсутствует (в этом случае проблему можно устранить, установив подходящую версию MSBuild), либо для данной сборки определено конкретное значение ToolsVersion в параметрах политики. Проект обрабатывается как имеющий ToolsVersion="4.0". Дополнительные сведения см. по ссылке http://go.microsoft.com/fwlink/?LinkId=291333.
     1>InitializeBuildStatus:
         Создание "x64\Debug\TelepathyGameClient.unsuccessfulbuild", так как было задано "AlwaysCreate".
       ClCompile:
         C:\Program Files\Microsoft Visual Studio 11.0\VC\bin\x86_amd64\CL.exe /c /Zi /nologo /W3 /WX- /sdl /Od /D _MBCS /Gm /EHsc /RTC1 /MDd /GS /fp:precise /Zc:wchar_t /Zc:forScope /Fo"x64\Debug\\" /Fd"x64\Debug\vc110.pdb" /Gd /TP /errorReport:prompt main.cpp
         main.cpp
     1>main.cpp(258): warning C4267: +=: преобразование из "size_t" в "int"; возможна потеря данных
     1>main.cpp(54): warning C4101: recvbuf: неиспользованная локальная переменная
       Link:
         C:\Program Files\Microsoft Visual Studio 11.0\VC\bin\x86_amd64\link.exe /ERRORREPORT:PROMPT /OUT:"D:\4курс2\ЗИ\Telepathy\TelepathyGameClient\x64\Debug\TelepathyGameClient.exe" /INCREMENTAL /NOLOGO kernel32.lib user32.lib gdi32.lib winspool.lib comdlg32.lib advapi32.lib shell32.lib ole32.lib oleaut32.lib uuid.lib odbc32.lib odbccp32.lib /MANIFEST /MANIFESTUAC:"level='asInvoker' uiAccess='false'" /manifest:embed /PDB:"D:\4курс2\ЗИ\Telepathy\TelepathyGameClient\x64\Debug\TelepathyGameClient.pdb" /TLBID:1 /DYNAMICBASE /NXCOMPAT /IMPLIB:"D:\4курс2\ЗИ\Telepathy\TelepathyGameClient\x64\Debug\TelepathyGameClient.lib" /MACHINE:X64 x64\Debug\main.obj
         LINK : не найден или не выполнена сборка D:\4курс2\ЗИ\Telepathy\TelepathyGameClient\x64\Debug\TelepathyGameClient.exe при последней инкрементной компоновке; выполняется полная компоновка
         TelepathyGameClient.vcxproj -> D:\4курс2\ЗИ\Telepathy\TelepathyGameClient\x64\Debug\TelepathyGameClient.exe
       FinalizeBuildStatus:
         Файл "x64\Debug\TelepathyGameClient.unsuccessfulbuild" удаляется.
         Обращение к "x64\Debug\TelepathyGameClient.lastbuildstate".
     1>Построение проекта "D:\4курс2\ЗИ\Telepathy\TelepathyGameClient\TelepathyGameClient\TelepathyGameClient.vcxproj" завершено (целевые объекты Build).

Построение успешно завершено.

Затраченное время: 00:00:12.13
